<?xml version="1.0" encoding="UTF-8"?>
<testng-results ignored="0" total="1" passed="1" failed="0" skipped="0">
  <reporter-output>
    <line>
      <![CDATA[CreateCustomer]]>
    </line>
  </reporter-output>
  <suite started-at="2024-03-06T17:47:46 IST" name="Suite" finished-at="2024-03-06T17:47:46 IST" duration-ms="141">
    <groups>
    </groups>
    <test started-at="2024-03-06T17:47:46 IST" name="Test" finished-at="2024-03-06T17:47:46 IST" duration-ms="141">
      <class name="com.zohocrm.testscript.CustomerModule">
        <test-method signature="testCreateCustomer()[pri:0, instance:com.zohocrm.testscript.CustomerModule@55634720]" started-at="2024-03-06T17:47:46 IST" name="testCreateCustomer" finished-at="2024-03-06T17:47:46 IST" duration-ms="41" status="PASS">
          <reporter-output>
            <line>
              <![CDATA[CreateCustomer]]>
            </line>
          </reporter-output>
        </test-method> <!-- testCreateCustomer -->
      </class> <!-- com.zohocrm.testscript.CustomerModule -->
    </test> <!-- Test -->
  </suite> <!-- Suite -->
</testng-results>
